<!DOCTYPE html PUBLIC "-//W3C//DTD XHTML 1.1//EN" "http://www.w3.org/TR/xhtml11/DTD/xhtml11.dtd">
<html xmlns="http://www.w3.org/1999/xhtml">
<head>
<meta http-equiv="content-type" content="text/html; charset=UTF-8"/>
<title>TestNG Report</title>
<style type="text/css">table {margin-bottom:10px;border-collapse:collapse;empty-cells:show}th,td {border:1px solid #009;padding:.25em .5em}th {vertical-align:bottom}td {vertical-align:top}table a {font-weight:bold}.stripe td {background-color: #E6EBF9}.num {text-align:right}.passedodd td {background-color: #3F3}.passedeven td {background-color: #0A0}.skippedodd td {background-color: #DDD}.skippedeven td {background-color: #CCC}.failedodd td,.attn {background-color: #F33}.failedeven td,.stripe .attn {background-color: #D00}.stacktrace {white-space:pre;font-family:monospace}.totop {font-size:85%;text-align:center;border-bottom:2px solid #000}.invisible {display:none}</style>
</head>
<body>
<table>
<tr><th>Test</th><th># Passed</th><th># Skipped</th><th># Failed</th><th>Time (ms)</th><th>Included Groups</th><th>Excluded Groups</th></tr>
<tr><th colspan="7">Default suite</th></tr>
<tr><td><a href="#t0">Default test</a></td><td class="num">0</td><td class="num">0</td><td class="num attn">3</td><td class="num">22,972</td><td></td><td></td></tr>
</table>
<table id='summary'><thead><tr><th>Class</th><th>Method</th><th>Start</th><th>Time (ms)</th></tr></thead><tbody><tr><th colspan="4">Default suite</th></tr></tbody><tbody id="t0"><tr><th colspan="4">Default test &#8212; failed</th></tr><tr class="failedeven"><td rowspan="3">com.app.runner.CukesRunner</td><td><a href="#m0">runScenario</a></td><td rowspan="3">1522577412722</td><td rowspan="3">7225</td></tr><tr class="failedeven"><td><a href="#m1">runScenario</a></td></tr><tr class="failedeven"><td><a href="#m2">runScenario</a></td></tr></tbody>
</table>
<h2>Default test</h2><h3 id="m0">com.app.runner.CukesRunner#runScenario</h3><table class="result"><tr class="param"><th>Parameter #1</th><th>Parameter #2</th></tr><tr class="param stripe"><td>&quot;&quot;</td><td>&quot;&quot;</td></tr><tr><th colspan="2">Messages</th></tr><tr><td colspan="2"><div class="messages"><div "result">I logged into AbanteCart Website (PASSED : 3s)</div><br/><div "result">I hover over Account and click on Login (PASSED : 1s)</div><br/><div "result">I Enter Login name &quot;dow123&quot; and password &quot;password&quot; and verify main text equals &quot;MY ACCOUNT&quot; (FAILED : 0s)</div><br/><div "result">I HoverOver Apparel &amp; accessories and click T-shirts and verify main text equals  &quot;T-SHIRTS&quot; (SKIPPED)</div><br/><div "result">I click on  Fruit of the Loom T-Shirts 5 Pack - Super Premium and add to card (SKIPPED)</div><br/><div "result">Verify that displayed total price equals &quot;12.84&quot; (SKIPPED)</div><br/><div "result">Continue shopping (SKIPPED)</div><br/><div "result">I click on Mens Fine Cotton Giraffe Polo Shirts and add to card (SKIPPED)</div><br/><div "result">Verify that displayed total price equals &quot;35.62&quot; (SKIPPED)</div><br/><div "result">Click checkout and confirm order and verify main text equals &quot;YOUR ORDER HAS BEEN PROCESSED!&quot; (SKIPPED)</div></div></td></tr><tr><th colspan="2">Exception</th></tr><tr><td colspan="2"><div class="stacktrace">java.lang.AssertionError: actual is ACCOUNT LOGIN expected [MY ACCOUNT] but found [ACCOUNT LOGIN]
	at org.testng.Assert.fail(Assert.java:96)
	at org.testng.Assert.failNotEquals(Assert.java:776)
	at org.testng.Assert.assertEqualsImpl(Assert.java:137)
	at org.testng.Assert.assertEquals(Assert.java:118)
	at org.testng.Assert.assertEquals(Assert.java:453)
	at com.app.step_definitions.SmokeTest1.i_Enter_Login_name_and_password_and_verify_main_text_equals(SmokeTest1.java:42)
	at ✽.I Enter Login name &quot;dow123&quot; and password &quot;password&quot; and verify main text equals &quot;MY ACCOUNT&quot;(src/test/resources/features/smoke_test_addtocart_ckeckout.feature:19)
</div></td></tr></table><p class="totop"><a href="#summary">back to summary</a></p>
<h3 id="m1">com.app.runner.CukesRunner#runScenario</h3><table class="result"><tr class="param"><th>Parameter #1</th><th>Parameter #2</th></tr><tr class="param stripe"><td>&quot;&quot;</td><td>&quot;&quot;</td></tr><tr><th colspan="2">Messages</th></tr><tr><td colspan="2"><div class="messages"><div "result">I logged into AbanteCart Website (PASSED : 3s)</div><br/><div "result">I hover over Account and click on Login (PASSED : 1s)</div><br/><div "result">I Enter Login name &quot;azat123&quot; and password &quot;password&quot; and verify main text equals &quot;MY ACCOUNT&quot; (FAILED : 1s)</div><br/><div "result">I HoverOver Apparel &amp; accessories and click T-shirts and verify main text equals  &quot;T-SHIRTS&quot; (SKIPPED)</div><br/><div "result">I click on  Fruit of the Loom T-Shirts 5 Pack - Super Premium and add to card (SKIPPED)</div><br/><div "result">Verify that displayed total price equals &quot;12.84&quot; (SKIPPED)</div><br/><div "result">Continue shopping (SKIPPED)</div><br/><div "result">I click on Mens Fine Cotton Giraffe Polo Shirts and add to card (SKIPPED)</div><br/><div "result">Verify that displayed total price equals &quot;35.62&quot; (SKIPPED)</div><br/><div "result">Click checkout and confirm order and verify main text equals &quot;YOUR ORDER HAS BEEN PROCESSED!&quot; (SKIPPED)</div></div></td></tr><tr><th colspan="2">Exception</th></tr><tr><td colspan="2"><div class="stacktrace">java.lang.AssertionError: actual is ACCOUNT LOGIN expected [MY ACCOUNT] but found [ACCOUNT LOGIN]
	at org.testng.Assert.fail(Assert.java:96)
	at org.testng.Assert.failNotEquals(Assert.java:776)
	at org.testng.Assert.assertEqualsImpl(Assert.java:137)
	at org.testng.Assert.assertEquals(Assert.java:118)
	at org.testng.Assert.assertEquals(Assert.java:453)
	at com.app.step_definitions.SmokeTest1.i_Enter_Login_name_and_password_and_verify_main_text_equals(SmokeTest1.java:42)
	at ✽.I Enter Login name &quot;azat123&quot; and password &quot;password&quot; and verify main text equals &quot;MY ACCOUNT&quot;(src/test/resources/features/smoke_test_addtocart_ckeckout.feature:19)
</div></td></tr></table><p class="totop"><a href="#summary">back to summary</a></p>
<h3 id="m2">com.app.runner.CukesRunner#runScenario</h3><table class="result"><tr class="param"><th>Parameter #1</th><th>Parameter #2</th></tr><tr class="param stripe"><td>&quot;&quot;</td><td>&quot;&quot;</td></tr><tr><th colspan="2">Messages</th></tr><tr><td colspan="2"><div class="messages"><div "result">I logged into AbanteCart Website (PASSED : 3s)</div><br/><div "result">I hover over Account and click on Login (PASSED : 1s)</div><br/><div "result">I Enter Login name &quot;jason123&quot; and password &quot;password&quot; and verify main text equals &quot;MY ACCOUNT&quot; (FAILED : 1s)</div><br/><div "result">I HoverOver Apparel &amp; accessories and click T-shirts and verify main text equals  &quot;T-SHIRTS&quot; (SKIPPED)</div><br/><div "result">I click on  Fruit of the Loom T-Shirts 5 Pack - Super Premium and add to card (SKIPPED)</div><br/><div "result">Verify that displayed total price equals &quot;12.84&quot; (SKIPPED)</div><br/><div "result">Continue shopping (SKIPPED)</div><br/><div "result">I click on Mens Fine Cotton Giraffe Polo Shirts and add to card (SKIPPED)</div><br/><div "result">Verify that displayed total price equals &quot;35.62&quot; (SKIPPED)</div><br/><div "result">Click checkout and confirm order and verify main text equals &quot;YOUR ORDER HAS BEEN PROCESSED!&quot; (SKIPPED)</div></div></td></tr><tr><th colspan="2">Exception</th></tr><tr><td colspan="2"><div class="stacktrace">java.lang.AssertionError: actual is ACCOUNT LOGIN expected [MY ACCOUNT] but found [ACCOUNT LOGIN]
	at org.testng.Assert.fail(Assert.java:96)
	at org.testng.Assert.failNotEquals(Assert.java:776)
	at org.testng.Assert.assertEqualsImpl(Assert.java:137)
	at org.testng.Assert.assertEquals(Assert.java:118)
	at org.testng.Assert.assertEquals(Assert.java:453)
	at com.app.step_definitions.SmokeTest1.i_Enter_Login_name_and_password_and_verify_main_text_equals(SmokeTest1.java:42)
	at ✽.I Enter Login name &quot;jason123&quot; and password &quot;password&quot; and verify main text equals &quot;MY ACCOUNT&quot;(src/test/resources/features/smoke_test_addtocart_ckeckout.feature:19)
</div></td></tr></table><p class="totop"><a href="#summary">back to summary</a></p>
</body>
</html>
