<?xml version="1.0" encoding="UTF-8"?>
<!-- Generated by org.testng.reporters.JUnitReportReporter -->
<testsuite skipped="0" hostname="Nijats-MacBook-Pro.local" name="com.app.runner.CukesRunner" tests="3" failures="3" timestamp="01 Apr 2018 10:10:25 GMT" time="22.713" errors="0">
  <testcase name="runScenario" time="7.225" classname="com.app.runner.CukesRunner">
    <failure type="java.lang.AssertionError" message="actual is ACCOUNT LOGIN expected [MY ACCOUNT] but found [ACCOUNT LOGIN]">
      <![CDATA[java.lang.AssertionError: actual is ACCOUNT LOGIN expected [MY ACCOUNT] but found [ACCOUNT LOGIN]
at org.testng.Assert.fail(Assert.java:96)
at org.testng.Assert.failNotEquals(Assert.java:776)
at org.testng.Assert.assertEqualsImpl(Assert.java:137)
at org.testng.Assert.assertEquals(Assert.java:118)
at org.testng.Assert.assertEquals(Assert.java:453)
at com.app.step_definitions.SmokeTest1.i_Enter_Login_name_and_password_and_verify_main_text_equals(SmokeTest1.java:42)
at ✽.I Enter Login name "dow123" and password "password" and verify main text equals "MY ACCOUNT"(src/test/resources/features/smoke_test_addtocart_ckeckout.feature:19)
]]>
    </failure>
  </testcase> <!-- runScenario -->
  <testcase name="runScenario" time="8.090" classname="com.app.runner.CukesRunner">
    <failure type="java.lang.AssertionError" message="actual is ACCOUNT LOGIN expected [MY ACCOUNT] but found [ACCOUNT LOGIN]">
      <![CDATA[java.lang.AssertionError: actual is ACCOUNT LOGIN expected [MY ACCOUNT] but found [ACCOUNT LOGIN]
at org.testng.Assert.fail(Assert.java:96)
at org.testng.Assert.failNotEquals(Assert.java:776)
at org.testng.Assert.assertEqualsImpl(Assert.java:137)
at org.testng.Assert.assertEquals(Assert.java:118)
at org.testng.Assert.assertEquals(Assert.java:453)
at com.app.step_definitions.SmokeTest1.i_Enter_Login_name_and_password_and_verify_main_text_equals(SmokeTest1.java:42)
at ✽.I Enter Login name "azat123" and password "password" and verify main text equals "MY ACCOUNT"(src/test/resources/features/smoke_test_addtocart_ckeckout.feature:19)
]]>
    </failure>
  </testcase> <!-- runScenario -->
  <testcase name="runScenario" time="7.398" classname="com.app.runner.CukesRunner">
    <failure type="java.lang.AssertionError" message="actual is ACCOUNT LOGIN expected [MY ACCOUNT] but found [ACCOUNT LOGIN]">
      <![CDATA[java.lang.AssertionError: actual is ACCOUNT LOGIN expected [MY ACCOUNT] but found [ACCOUNT LOGIN]
at org.testng.Assert.fail(Assert.java:96)
at org.testng.Assert.failNotEquals(Assert.java:776)
at org.testng.Assert.assertEqualsImpl(Assert.java:137)
at org.testng.Assert.assertEquals(Assert.java:118)
at org.testng.Assert.assertEquals(Assert.java:453)
at com.app.step_definitions.SmokeTest1.i_Enter_Login_name_and_password_and_verify_main_text_equals(SmokeTest1.java:42)
at ✽.I Enter Login name "jason123" and password "password" and verify main text equals "MY ACCOUNT"(src/test/resources/features/smoke_test_addtocart_ckeckout.feature:19)
]]>
    </failure>
  </testcase> <!-- runScenario -->
</testsuite> <!-- com.app.runner.CukesRunner -->
